Error in uploading folder to aws HTTPConnectionPool(host='54.169.232.88', port=8000): Max retries exceeded with url: /pinutcloud/uploadjsonfiles/ (Caused by NewConnectionError('<requests.packages.urllib3.connection.HTTPConnection object at 0x7660f670>: Failed to establish a new connection: [Errno 111] Connection refused',))
Error in uploading folder to aws HTTPConnectionPool(host='54.169.232.88', port=8000): Max retries exceeded with url: /pinutcloud/uploadjsonfiles/ (Caused by NewConnectionError('<requests.packages.urllib3.connection.HTTPConnection object at 0x7660d670>: Failed to establish a new connection: [Errno 111] Connection refused',))
HTTPD STATUS :  200
Json File Upload Successful to AWS : PinutJsonFiles_temp_1462641633.2.zip
HTTPD STATUS :  200
Json File Upload Successful to AWS : PinutJsonFiles_temp_1462641633.2.zip
HTTPD STATUS :  200
Json File Upload Successful to AWS : PinutJsonFiles_temp_1462641633.2.zip
HTTPD STATUS :  200
Json File Upload Successful to AWS : PinutJsonFiles_temp_1462641633.2.zip
HTTPD STATUS :  200
Json File Upload Successful to AWS : PinutJsonFiles_temp_1462641633.2.zip
HTTPD STATUS :  200
Json File Upload Successful to AWS : PinutJsonFiles_temp_1462641633.2.zip
HTTPD STATUS :  200
Json File Upload Successful to AWS : PinutJsonFiles_temp_1462641633.2.zip
HTTPD STATUS :  200
%s: Json File Upload Successful to AWS : Error in uploading folder to aws global name 'time' is not defined
HTTPD STATUS :  200
%s: Json File Upload Successful to AWS : Error in uploading folder to aws global name 'time' is not defined
HTTPD STATUS :  200
%s: Json File Upload Successful to AWS : Error in uploading folder to aws global name 'time' is not defined
HTTPD STATUS :  200
%s: Json File Upload Successful to AWS : Error in uploading folder to aws global name 'time' is not defined
HTTPD STATUS :  200
%s: Json File Upload Successful to AWS : Error in uploading folder to aws global name 'time' is not defined
HTTPD STATUS :  200
%s: Json File Upload Successful to AWS : Error in uploading folder to aws global name 'time' is not defined
HTTPD STATUS :  200
%s: Json File Upload Successful to AWS : Error in uploading folder to aws global name 'time' is not defined
HTTPD STATUS :  200
%s: Json File Upload Successful to AWS : Error in uploading folder to aws global name 'time' is not defined
HTTPD STATUS :  200
%s: Json File Upload Successful to AWS : Error in uploading folder to aws : global name 'time' is not defined
HTTPD STATUS :  200
%s: Json File Upload Successful to AWS : Error in uploading folder to aws : global name 'time' is not defined
HTTPD STATUS :  200
%s: Json File Upload Successful to AWS : Error in uploading folder to aws : global name 'time' is not defined
Moving file : /home/pi/PinutJsonFiles/PinutFeedbackFiles/PinutFeedback_b827eb9fde83_24_04_2016.json to : /home/pi/UploadDir/PinutJsonFiles_temp_1463162101.43
Moving file : /home/pi/PinutJsonFiles/PinutUserIntroFiles/PinutUserIntro_b827eb9fde83_23_04_2016.json to : /home/pi/UploadDir/PinutJsonFiles_temp_1463162101.43
Moving file : /home/pi/PinutJsonFiles/PinutUserIntroFiles/PinutUserIntro_b827eb9fde83_14_04_2016.json to : /home/pi/UploadDir/PinutJsonFiles_temp_1463162101.43
Moving file : /home/pi/PinutJsonFiles/PinutUserIntroFiles/PinutUserIntro_b827eb9fde83_17_04_2016.json to : /home/pi/UploadDir/PinutJsonFiles_temp_1463162101.43
Moving file : /home/pi/PinutJsonFiles/PinutUserIntroFiles/PinutUserIntro_b827eb9fde83_24_04_2016.json to : /home/pi/UploadDir/PinutJsonFiles_temp_1463162101.43
Moving file : /home/pi/PinutJsonFiles/PinutConnectionFiles/PinutConnection_b827eb9fde83_23_04_2016.json to : /home/pi/UploadDir/PinutJsonFiles_temp_1463162101.43
Moving file : /home/pi/PinutJsonFiles/PinutConnectionFiles/PinutConnection_b827eb9fde83_24_04_2016.json to : /home/pi/UploadDir/PinutJsonFiles_temp_1463162101.43
Moving file : /home/pi/PinutJsonFiles/PinutConnectionFiles/PinutConnection_b827eb9fde83_14_04_2016.json to : /home/pi/UploadDir/PinutJsonFiles_temp_1463162101.43
Moving file : /home/pi/PinutJsonFiles/PinutConnectionFiles/PinutConnection_b827eb9fde83_17_04_2016.json to : /home/pi/UploadDir/PinutJsonFiles_temp_1463162101.43
Moving file : /home/pi/PinutJsonFiles/PinutUserFiles/PinutUser_b827eb9fde83_23_04_2016.json to : /home/pi/UploadDir/PinutJsonFiles_temp_1463162101.43
Moving file : /home/pi/PinutJsonFiles/PinutUserFiles/PinutUser_b827eb9fde83_17_04_2016.json to : /home/pi/UploadDir/PinutJsonFiles_temp_1463162101.43
Moving file : /home/pi/PinutJsonFiles/PinutUserFiles/PinutUser_b827eb9fde83_24_04_2016.json to : /home/pi/UploadDir/PinutJsonFiles_temp_1463162101.43
HTTPD STATUS :  200
Error in uploading folder to aws : global name 'time' is not defined
HTTPD STATUS :  200
Error in uploading folder to aws : global name 'time' is not defined
HTTPD STATUS :  200
Error in uploading folder to aws : global name 'time' is not defined
HTTPD STATUS :  200
Error in uploading folder to aws : global name 'time' is not defined
HTTPD STATUS :  200
Error in uploading folder to aws : global name 'time' is not defined
HTTPD STATUS :  200
Error in uploading folder to aws : global name 'time' is not defined
HTTPD STATUS :  200
2016-05-13 18:01:02.036917: Json File Upload Successful to AWS : PinutJsonFiles_temp_1463162161.49.zip
HTTPD STATUS :  200
2016-05-13 18:01:02.245174: Json File Upload Successful to AWS : PinutJsonFiles_temp_1463162401.32.zip
HTTPD STATUS :  200
2016-05-13 18:01:02.527399: Json File Upload Successful to AWS : PinutJsonFiles_temp_1463162101.43.zip
HTTPD STATUS :  200
2016-05-13 18:01:02.753395: Json File Upload Successful to AWS : PinutJsonFiles_temp_1463162341.32.zip
HTTPD STATUS :  200
2016-05-13 18:01:03.167191: Json File Upload Successful to AWS : PinutJsonFiles_temp_1462641633.2.zip
HTTPD STATUS :  200
2016-05-13 18:01:03.372177: Json File Upload Successful to AWS : PinutJsonFiles_temp_1463162221.39.zip
HTTPD STATUS :  200
2016-05-13 18:01:03.557687: Json File Upload Successful to AWS : PinutJsonFiles_temp_1463162461.25.zip
HTTPD STATUS :  200
2016-05-13 18:01:03.745510: Json File Upload Successful to AWS : PinutJsonFiles_temp_1463162281.4.zip
HTTPD STATUS :  200
2016-05-13 18:02:02.864435: Json File Upload Successful to AWS : PinutJsonFiles_temp_1463162161.49.zip
HTTPD STATUS :  200
2016-05-13 18:02:03.159121: Json File Upload Successful to AWS : PinutJsonFiles_temp_1463162521.93.zip
HTTPD STATUS :  200
2016-05-13 18:02:03.348726: Json File Upload Successful to AWS : PinutJsonFiles_temp_1463162401.32.zip
HTTPD STATUS :  200
2016-05-13 18:02:03.566743: Json File Upload Successful to AWS : PinutJsonFiles_temp_1463162101.43.zip
HTTPD STATUS :  200
2016-05-13 18:02:03.753807: Json File Upload Successful to AWS : PinutJsonFiles_temp_1463162341.32.zip
HTTPD STATUS :  200
2016-05-13 18:02:04.105168: Json File Upload Successful to AWS : PinutJsonFiles_temp_1462641633.2.zip
HTTPD STATUS :  200
2016-05-13 18:02:04.293586: Json File Upload Successful to AWS : PinutJsonFiles_temp_1463162221.39.zip
HTTPD STATUS :  200
2016-05-13 18:02:04.486562: Json File Upload Successful to AWS : PinutJsonFiles_temp_1463162461.25.zip
HTTPD STATUS :  200
2016-05-13 18:02:04.687379: Json File Upload Successful to AWS : PinutJsonFiles_temp_1463162281.4.zip
HTTPD STATUS :  200
2016-05-13 18:03:02.666812: Json File Upload Successful to AWS : PinutJsonFiles_temp_1463162161.49.zip
HTTPD STATUS :  200
2016-05-13 18:03:02.973926: Json File Upload Successful to AWS : PinutJsonFiles_temp_1463162521.93.zip
HTTPD STATUS :  200
2016-05-13 18:03:03.172000: Json File Upload Successful to AWS : PinutJsonFiles_temp_1463162401.32.zip
HTTPD STATUS :  200
2016-05-13 18:03:03.407854: Json File Upload Successful to AWS : PinutJsonFiles_temp_1463162101.43.zip
HTTPD STATUS :  200
2016-05-13 18:03:03.596089: Json File Upload Successful to AWS : PinutJsonFiles_temp_1463162581.89.zip
HTTPD STATUS :  200
2016-05-13 18:03:03.800287: Json File Upload Successful to AWS : PinutJsonFiles_temp_1463162341.32.zip
HTTPD STATUS :  200
2016-05-13 18:03:04.028033: Json File Upload Successful to AWS : PinutJsonFiles_temp_1462641633.2.zip
HTTPD STATUS :  200
2016-05-13 18:03:04.205525: Json File Upload Successful to AWS : PinutJsonFiles_temp_1463162221.39.zip
HTTPD STATUS :  200
2016-05-13 18:03:04.392835: Json File Upload Successful to AWS : PinutJsonFiles_temp_1463162461.25.zip
HTTPD STATUS :  200
2016-05-13 18:03:04.583853: Json File Upload Successful to AWS : PinutJsonFiles_temp_1463162281.4.zip
HTTPD STATUS :  200
2016-05-13 18:04:02.567336: Json File Upload Successful to AWS : PinutJsonFiles_temp_1463162161.49.zip
HTTPD STATUS :  200
2016-05-13 18:04:03.137836: Json File Upload Successful to AWS : PinutJsonFiles_temp_1463162521.93.zip
HTTPD STATUS :  200
2016-05-13 18:04:03.345239: Json File Upload Successful to AWS : PinutJsonFiles_temp_1463162401.32.zip
HTTPD STATUS :  200
2016-05-13 18:04:03.529953: Json File Upload Successful to AWS : PinutJsonFiles_temp_1463162641.79.zip
HTTPD STATUS :  200
2016-05-13 18:04:03.776997: Json File Upload Successful to AWS : PinutJsonFiles_temp_1463162101.43.zip
HTTPD STATUS :  200
2016-05-13 18:04:03.971967: Json File Upload Successful to AWS : PinutJsonFiles_temp_1463162581.89.zip
HTTPD STATUS :  200
2016-05-13 18:04:04.158219: Json File Upload Successful to AWS : PinutJsonFiles_temp_1463162341.32.zip
HTTPD STATUS :  200
2016-05-13 18:04:04.496269: Json File Upload Successful to AWS : PinutJsonFiles_temp_1462641633.2.zip
HTTPD STATUS :  200
2016-05-13 18:04:04.684895: Json File Upload Successful to AWS : PinutJsonFiles_temp_1463162221.39.zip
HTTPD STATUS :  200
2016-05-13 18:04:04.867282: Json File Upload Successful to AWS : PinutJsonFiles_temp_1463162461.25.zip
HTTPD STATUS :  200
2016-05-13 18:04:05.054625: Json File Upload Successful to AWS : PinutJsonFiles_temp_1463162281.4.zip
HTTPD STATUS :  200
2016-05-13 18:05:01.940619: Json File Upload Successful to AWS : PinutJsonFiles_temp_1463162161.49.zip
HTTPD STATUS :  200
2016-05-13 18:05:02.139198: Json File Upload Successful to AWS : PinutJsonFiles_temp_1463162521.93.zip
HTTPD STATUS :  200
2016-05-13 18:05:02.343351: Json File Upload Successful to AWS : PinutJsonFiles_temp_1463162401.32.zip
HTTPD STATUS :  200
2016-05-13 18:05:02.523601: Json File Upload Successful to AWS : PinutJsonFiles_temp_1463162641.79.zip
HTTPD STATUS :  200
2016-05-13 18:05:02.763135: Json File Upload Successful to AWS : PinutJsonFiles_temp_1463162101.43.zip
HTTPD STATUS :  200
2016-05-13 18:05:02.963244: Json File Upload Successful to AWS : PinutJsonFiles_temp_1463162701.24.zip
HTTPD STATUS :  200
2016-05-13 18:05:03.181674: Json File Upload Successful to AWS : PinutJsonFiles_temp_1463162581.89.zip
HTTPD STATUS :  200
2016-05-13 18:05:03.383798: Json File Upload Successful to AWS : PinutJsonFiles_temp_1463162341.32.zip
HTTPD STATUS :  200
2016-05-13 18:05:03.614222: Json File Upload Successful to AWS : PinutJsonFiles_temp_1462641633.2.zip
HTTPD STATUS :  200
2016-05-13 18:05:03.801097: Json File Upload Successful to AWS : PinutJsonFiles_temp_1463162221.39.zip
HTTPD STATUS :  200
2016-05-13 18:05:03.992464: Json File Upload Successful to AWS : PinutJsonFiles_temp_1463162461.25.zip
HTTPD STATUS :  200
2016-05-13 18:05:04.197647: Json File Upload Successful to AWS : PinutJsonFiles_temp_1463162281.4.zip
HTTPD STATUS :  200
2016-05-13 18:06:02.274558: Json File Upload Successful to AWS : PinutJsonFiles_temp_1463162161.49.zip
HTTPD STATUS :  200
2016-05-13 18:06:02.686607: Json File Upload Successful to AWS : PinutJsonFiles_temp_1463162521.93.zip
HTTPD STATUS :  200
2016-05-13 18:06:02.996568: Json File Upload Successful to AWS : PinutJsonFiles_temp_1463162401.32.zip
HTTPD STATUS :  200
2016-05-13 18:06:03.247077: Json File Upload Successful to AWS : PinutJsonFiles_temp_1463162641.79.zip
HTTPD STATUS :  200
2016-05-13 18:06:03.596571: Json File Upload Successful to AWS : PinutJsonFiles_temp_1463162101.43.zip
HTTPD STATUS :  200
2016-05-13 18:06:03.797399: Json File Upload Successful to AWS : PinutJsonFiles_temp_1463162701.24.zip
HTTPD STATUS :  200
2016-05-13 18:06:04.009923: Json File Upload Successful to AWS : PinutJsonFiles_temp_1463162581.89.zip
HTTPD STATUS :  200
2016-05-13 18:06:04.204907: Json File Upload Successful to AWS : PinutJsonFiles_temp_1463162341.32.zip
HTTPD STATUS :  200
2016-05-13 18:06:04.525964: Json File Upload Successful to AWS : PinutJsonFiles_temp_1462641633.2.zip
HTTPD STATUS :  200
2016-05-13 18:06:04.715945: Json File Upload Successful to AWS : PinutJsonFiles_temp_1463162221.39.zip
HTTPD STATUS :  200
2016-05-13 18:06:04.903298: Json File Upload Successful to AWS : PinutJsonFiles_temp_1463162461.25.zip
HTTPD STATUS :  200
2016-05-13 18:06:05.092562: Json File Upload Successful to AWS : PinutJsonFiles_temp_1463162761.4.zip
HTTPD STATUS :  200
2016-05-13 18:06:05.284513: Json File Upload Successful to AWS : PinutJsonFiles_temp_1463162281.4.zip
HTTPD STATUS :  200
2016-05-13 18:07:02.282000: Json File Upload Successful to AWS : PinutJsonFiles_temp_1463162161.49.zip
HTTPD STATUS :  200
2016-05-13 18:07:02.486009: Json File Upload Successful to AWS : PinutJsonFiles_temp_1463162521.93.zip
HTTPD STATUS :  200
2016-05-13 18:07:02.690593: Json File Upload Successful to AWS : PinutJsonFiles_temp_1463162401.32.zip
HTTPD STATUS :  200
2016-05-13 18:07:02.998003: Json File Upload Successful to AWS : PinutJsonFiles_temp_1463162641.79.zip
HTTPD STATUS :  200
2016-05-13 18:07:03.360962: Json File Upload Successful to AWS : PinutJsonFiles_temp_1463162101.43.zip
HTTPD STATUS :  200
2016-05-13 18:07:03.561198: Json File Upload Successful to AWS : PinutJsonFiles_temp_1463162821.49.zip
HTTPD STATUS :  200
2016-05-13 18:07:03.743374: Json File Upload Successful to AWS : PinutJsonFiles_temp_1463162701.24.zip
HTTPD STATUS :  200
2016-05-13 18:07:03.936878: Json File Upload Successful to AWS : PinutJsonFiles_temp_1463162581.89.zip
HTTPD STATUS :  200
2016-05-13 18:07:04.127669: Json File Upload Successful to AWS : PinutJsonFiles_temp_1463162341.32.zip
HTTPD STATUS :  200
2016-05-13 18:07:04.489640: Json File Upload Successful to AWS : PinutJsonFiles_temp_1462641633.2.zip
HTTPD STATUS :  200
2016-05-13 18:07:04.673421: Json File Upload Successful to AWS : PinutJsonFiles_temp_1463162221.39.zip
HTTPD STATUS :  200
2016-05-13 18:07:04.890982: Json File Upload Successful to AWS : PinutJsonFiles_temp_1463162461.25.zip
HTTPD STATUS :  200
2016-05-13 18:07:05.075412: Json File Upload Successful to AWS : PinutJsonFiles_temp_1463162761.4.zip
HTTPD STATUS :  200
2016-05-13 18:07:05.283378: Json File Upload Successful to AWS : PinutJsonFiles_temp_1463162281.4.zip
